[LOG] System::create                           : Header version = 2.02.06. Current version = 2.02.06.
[LOG] Manager::init                            : maxchannels = 256 studioflags = 00000006 flags 00000000 extradriverdata 0000000000000000.
[LOG] SystemI::init                            : Initialize version=20206 (124257), maxchannels=256, flags=0x00020000
[LOG] SystemI::setOutputInternal               : Setting output to 'FMOD WASAPI Output'
[LOG] OutputWASAPI::init                       : Mix Format (WAVEFORMATEX): wFormatTag=0xFFFE, nChannels=2, nSamplesPerSec=48000, nAvgBytesPerSec=384000, nBlockAlign=8, wBitsPerSample=32, cbSize=22.
[LOG] OutputWASAPI::init                       : Mix Format (WAVEFORMATEXTENSIBLE): wValidBitsPerSample=32, dwChannelMask=0x00000003, SubFormat=00000003-0000-0010-8000-00AA00389B71.
[LOG] OutputWASAPI::init                       : Output buffer size: 4096 samples, latency: 0.00ms, period: 10.00ms, DSP buffer: 1024 * 4
[LOG] Thread::initThread                       : Init FMOD stream thread. Affinity: 0x4000000000000003, Priority: 0xFFFF7FFB, Stack Size: 98304, Semaphore: No, Sleep Time: 10, Looping: Yes.
[LOG] Thread::initThread                       : Init FMOD mixer thread. Affinity: 0x4000000000000001, Priority: 0xFFFF7FFA, Stack Size: 81920, Semaphore: No, Sleep Time: 0, Looping: Yes.
[LOG] AsyncManager::init                       : manager 000001515A00C768 isAsync 0 updatePeriod 0.02
[LOG] AsyncManager::init                       : done
[LOG] PlaybackSystem::init                     : 
[LOG] Thread::initThread                       : Init FMOD Studio sample load thread. Affinity: 0x4000000000000003, Priority: 0xFFFF7FFD, Stack Size: 98304, Semaphore: No, Sleep Time: 1, Looping: No.
[LOG] PlaybackSystem::init                     : done
[LOG] Thread::initThread                       : Init FMOD Studio bank load thread. Affinity: 0x4000000000000003, Priority: 0xFFFF7FFD, Stack Size: 98304, Semaphore: No, Sleep Time: 1, Looping: No.
[LOG] Manager::init                            : done.
[LOG] SystemI::createSound                     : filename = Leggy_FMOD/Build/Desktop/Master.bank : mode 02010082
[LOG] SystemI::createSound                     : FMOD_NONBLOCKING specified.  Putting into queue to be opened asynchronously!
[LOG] Thread::initThread                       : Init FMOD nonblocking thread (0). Affinity: 0x4000000000000003, Priority: 0xFFFF7FFC, Stack Size: 114688, Semaphore: Yes, Sleep Time: 0, Looping: Yes.
[LOG] SystemI::createSound                     : setdata soundi = 0000015158394008 : node = 00000150BF3D4450
[LOG] SystemI::createSound                     : add node to async list : head = 000001502C565F28.  list count = 0
[LOG] AsyncThread::threadFunc                  : Starting Asynchronous operation on sound 0000015158394008
[LOG] SystemI::createSoundInternal             :     Create name='Leggy_FMOD/Build/Desktop/Master.bank', mode=0x02010082
[LOG] SystemI::createSoundInternal             :     exinfo->cbsize             = 224
[LOG] SystemI::createSoundInternal             :     exinfo->length             = 11863232
[LOG] SystemI::createSound                     :     filename = Leggy_FMOD/Build/Desktop/Master.bank : mode 02010082
[LOG] SystemI::createSoundInternal             :     exinfo->fileoffset         = 78240
[LOG] SystemI::createSound                     :     FMOD_NONBLOCKING specified.  Putting into queue to be opened asynchronously!
[LOG] SystemI::createSoundInternal             :     exinfo->numsubsounds       = 1
[LOG] SystemI::createSound                     :     setdata soundi = 00000151594530D8 : node = 000001515A2BB960
[LOG] SystemI::createSoundInternal             :     exinfo->inclusionlist      = 00000150BF3D4560
[LOG] SystemI::createSound                     :     add node to async list : head = 000001502C565F28.  list count = 0
[LOG] SystemI::createSoundInternal             :     exinfo->inclusionlistnum   = 1
[LOG] SystemI::createSoundInternal             :     exinfo->suggestedsoundtype = 5
[LOG] SystemI::createSoundInternal             :     exinfo->initialseekpostype = 1
[LOG] SystemI::createSound                     :     filename = Leggy_FMOD/Build/Desktop/Master.bank : mode 02010082
[LOG] SystemI::createSound                     :     FMOD_NONBLOCKING specified.  Putting into queue to be opened asynchronously!
[LOG] SystemI::createSound                     :     setdata soundi = 0000015159453288 : node = 000001515A2BBBE0
[LOG] SystemI::createSound                     :     add node to async list : head = 000001502C565F28.  list count = 1
[LOG] SystemI::createSoundInternal             :     Stream 0/1: name='AMB_RoomNoise', format=5, channels=2, frequency=48000, lengthbytes=414304, lengthpcm=1536000, pcmblocksize=0, loopstart=0, loopend=0, mode=0x00000000, channelmask=0x00000000, channelorder=0, peakvolume=0.079620.
[LOG] Thread::initThread                       :     Init FMOD file thread. Affinity: 0x4000000000000003, Priority: 0xFFFF7FFC, Stack Size: 65536, Semaphore: No, Sleep Time: 10, Looping: Yes.
[LOG] AsyncThread::threadFunc                  : Finished Asynchronous operation on sound 0000015158394008
[LOG] AsyncThread::threadFunc                  : Starting Asynchronous operation on sound 00000151594530D8
[LOG] SystemI::createSoundInternal             :     Create name='Leggy_FMOD/Build/Desktop/Master.bank', mode=0x02010082
[LOG] SystemI::createSoundInternal             :     exinfo->cbsize             = 224
[LOG] SystemI::createSoundInternal             :     exinfo->length             = 11863232
[LOG] SystemI::createSoundInternal             :     exinfo->fileoffset         = 78240
[LOG] SystemI::createSoundInternal             :     exinfo->numsubsounds       = 1
[LOG] SystemI::createSoundInternal             :     exinfo->inclusionlist      = 000001515A2BBA70
[LOG] SystemI::createSoundInternal             :     exinfo->inclusionlistnum   = 1
[LOG] SystemI::createSoundInternal             :     exinfo->suggestedsoundtype = 5
[LOG] SystemI::createSoundInternal             :     exinfo->initialseekpostype = 1
[LOG] SystemI::createSoundInternal             :     Stream 0/1: name='Happy_PercBed_Calm', format=5, channels=2, frequency=48000, lengthbytes=568928, lengthpcm=2176000, pcmblocksize=0, loopstart=0, loopend=0, mode=0x00000000, channelmask=0x00000000, channelorder=0, peakvolume=0.332184.
[LOG] AsyncThread::threadFunc                  : Finished Asynchronous operation on sound 00000151594530D8
[LOG] AsyncThread::threadFunc                  : Starting Asynchronous operation on sound 0000015159453288
[LOG] SystemI::createSoundInternal             :     Create name='Leggy_FMOD/Build/Desktop/Master.bank', mode=0x02010082
[LOG] SystemI::createSoundInternal             :     exinfo->cbsize             = 224
[LOG] SystemI::createSoundInternal             :     exinfo->length             = 11863232
[LOG] SystemI::createSoundInternal             :     exinfo->fileoffset         = 78240
[LOG] SystemI::createSoundInternal             :     exinfo->numsubsounds       = 1
[LOG] SystemI::createSoundInternal             :     exinfo->inclusionlist      = 000001515A2BBCF0
[LOG] SystemI::createSoundInternal             :     exinfo->inclusionlistnum   = 1
[LOG] SystemI::createSoundInternal             :     exinfo->suggestedsoundtype = 5
[LOG] SystemI::createSoundInternal             :     exinfo->initialseekpostype = 1
[LOG] SystemI::createSoundInternal             :     Stream 0/1: name='SusMarimba_00', format=5, channels=2, frequency=48000, lengthbytes=121664, lengthpcm=512000, pcmblocksize=0, loopstart=0, loopend=0, mode=0x00000000, channelmask=0x00000000, channelorder=0, peakvolume=0.182129.
[LOG] AsyncThread::threadFunc                  : Finished Asynchronous operation on sound 0000015159453288
[LOG] SystemI::createSoundInternal             : Create name='', mode=0x02000202
[LOG] SystemI::createSoundInternal             : exinfo->cbsize             = 224
[LOG] SystemI::createSoundInternal             : exinfo->length             = 4820832
[LOG] SystemI::createSoundInternal             : exinfo->fileoffset         = 11941504
[LOG] SystemI::createSoundInternal             : exinfo->numsubsounds       = 1
[LOG] SystemI::createSoundInternal             : exinfo->inclusionlist      = 0000003CB02AF308
[LOG] SystemI::createSoundInternal             : exinfo->inclusionlistnum   = 1
[LOG] SystemI::createSoundInternal             : exinfo->suggestedsoundtype = 5
[LOG] SystemI::createSoundInternal             : exinfo->useropen           = 00007FFBE9E44660
[LOG] SystemI::createSoundInternal             : exinfo->userclose          = 00007FFBE9E44630
[LOG] SystemI::createSoundInternal             : exinfo->userread           = 00007FFBE9E44730
[LOG] SystemI::createSoundInternal             : exinfo->userseek           = 00007FFBE9E447F0
[LOG] SystemI::createSoundInternal             : exinfo->fileuserdata       = 0000015157FB06F8
[LOG] SystemI::createSoundInternal             : exinfo->initialseekpostype = 1
[LOG] SystemI::createSoundInternal             : Sample 0/1: name='Claw_OpenClose', format=2, channels=2, frequency=44100, lengthbytes=441088, lengthpcm=110250, pcmblocksize=0, loopstart=0, loopend=0, mode=0x00000000, channelmask=0x00000000, channelorder=0, peakvolume=0.458344.
[LOG] SystemI::createSoundInternal             : Create name='', mode=0x02000202
[LOG] SystemI::createSoundInternal             : exinfo->cbsize             = 224
[LOG] SystemI::createSoundInternal             : exinfo->length             = 4820832
[LOG] SystemI::createSoundInternal             : exinfo->fileoffset         = 11941504
[LOG] SystemI::createSoundInternal             : exinfo->numsubsounds       = 1
[LOG] SystemI::createSoundInternal             : exinfo->inclusionlist      = 0000003CB02AF308
[LOG] SystemI::createSoundInternal             : exinfo->inclusionlistnum   = 1
[LOG] SystemI::createSoundInternal             : exinfo->suggestedsoundtype = 5
[LOG] SystemI::createSoundInternal             : exinfo->useropen           = 00007FFBE9E44660
[LOG] SystemI::createSoundInternal             : exinfo->userclose          = 00007FFBE9E44630
[LOG] SystemI::createSoundInternal             : exinfo->userread           = 00007FFBE9E44730
[LOG] SystemI::createSoundInternal             : exinfo->userseek           = 00007FFBE9E447F0
[LOG] SystemI::createSoundInternal             : exinfo->fileuserdata       = 0000015157FB0F38
[LOG] SystemI::createSoundInternal             : exinfo->initialseekpostype = 1
[LOG] SystemI::createSoundInternal             : Sample 0/1: name='Claw_Movement', format=2, channels=2, frequency=44100, lengthbytes=441088, lengthpcm=110250, pcmblocksize=0, loopstart=0, loopend=0, mode=0x00000000, channelmask=0x00000000, channelorder=0, peakvolume=0.045593.
[LOG] SoundI::release                          :  (00000151484FAB08)
[LOG] SoundI::release                          :     Claw_Movement (000001506899BAF8)
[LOG] SystemI::createSoundInternal             : Create name='', mode=0x02000202
[LOG] SystemI::createSoundInternal             : exinfo->cbsize             = 224
[LOG] SystemI::createSoundInternal             : exinfo->length             = 4820832
[LOG] SystemI::createSoundInternal             : exinfo->fileoffset         = 11941504
[LOG] SystemI::createSoundInternal             : exinfo->numsubsounds       = 1
[LOG] SystemI::createSoundInternal             : exinfo->inclusionlist      = 0000003CB02AF308
[LOG] SystemI::createSoundInternal             : exinfo->inclusionlistnum   = 1
[LOG] SystemI::createSoundInternal             : exinfo->suggestedsoundtype = 5
[LOG] SystemI::createSoundInternal             : exinfo->useropen           = 00007FFBE9E44660
[LOG] SystemI::createSoundInternal             : exinfo->userclose          = 00007FFBE9E44630
[LOG] SystemI::createSoundInternal             : exinfo->userread           = 00007FFBE9E44730
[LOG] SystemI::createSoundInternal             : exinfo->userseek           = 00007FFBE9E447F0
[LOG] SystemI::createSoundInternal             : exinfo->fileuserdata       = 0000015157FB06F8
[LOG] SystemI::createSoundInternal             : exinfo->initialseekpostype = 1
[LOG] SystemI::createSoundInternal             : Sample 0/1: name='Claw_Movement', format=2, channels=2, frequency=44100, lengthbytes=441088, lengthpcm=110250, pcmblocksize=0, loopstart=0, loopend=0, mode=0x00000000, channelmask=0x00000000, channelorder=0, peakvolume=0.045593.
[LOG] SoundI::release                          :  (00000151484FC7C8)
[LOG] SoundI::release                          :     Claw_OpenClose (000001506899B7B8)
[LOG] SystemI::createSoundInternal             : Create name='', mode=0x02000202
[LOG] SystemI::createSoundInternal             : exinfo->cbsize             = 224
[LOG] SystemI::createSoundInternal             : exinfo->length             = 4820832
[LOG] SystemI::createSoundInternal             : exinfo->fileoffset         = 11941504
[LOG] SystemI::createSoundInternal             : exinfo->numsubsounds       = 1
[LOG] SystemI::createSoundInternal             : exinfo->inclusionlist      = 0000003CB02AF308
[LOG] SystemI::createSoundInternal             : exinfo->inclusionlistnum   = 1
[LOG] SystemI::createSoundInternal             : exinfo->suggestedsoundtype = 5
[LOG] SystemI::createSoundInternal             : exinfo->useropen           = 00007FFBE9E44660
[LOG] SystemI::createSoundInternal             : exinfo->userclose          = 00007FFBE9E44630
[LOG] SystemI::createSoundInternal             : exinfo->userread           = 00007FFBE9E44730
[LOG] SystemI::createSoundInternal             : exinfo->userseek           = 00007FFBE9E447F0
[LOG] SystemI::createSoundInternal             : exinfo->fileuserdata       = 0000015157FB1B98
[LOG] SystemI::createSoundInternal             : exinfo->initialseekpostype = 1
[LOG] SystemI::createSoundInternal             : Sample 0/1: name='Claw_OpenClose', format=2, channels=2, frequency=44100, lengthbytes=441088, lengthpcm=110250, pcmblocksize=0, loopstart=0, loopend=0, mode=0x00000000, channelmask=0x00000000, channelorder=0, peakvolume=0.458344.
[LOG] SoundI::release                          :  (0000015122BB2C68)
[LOG] SoundI::release                          :     Claw_Movement (000001506899BAF8)
[LOG] SystemI::createSound                     : filename = Leggy_FMOD/Build/Desktop/Master.bank : mode 02010082
[LOG] SystemI::createSound                     : FMOD_NONBLOCKING specified.  Putting into queue to be opened asynchronously!
[LOG] SystemI::createSound                     : setdata soundi = 000001515E099E08 : node = 000001505B8D5CC0
[LOG] SystemI::createSound                     : add node to async list : head = 000001502C565F28.  list count = 0
[LOG] AsyncThread::threadFunc                  : Starting Asynchronous operation on sound 000001515E099E08
[LOG] SystemI::createSoundInternal             :     Create name='Leggy_FMOD/Build/Desktop/Master.bank', mode=0x02010082
[LOG] SystemI::createSoundInternal             :     exinfo->cbsize             = 224
[LOG] SystemI::createSoundInternal             :     exinfo->length             = 11863232
[LOG] SystemI::createSoundInternal             :     exinfo->fileoffset         = 78240
[LOG] SystemI::createSoundInternal             :     exinfo->numsubsounds       = 1
[LOG] SystemI::createSoundInternal             :     exinfo->inclusionlist      = 000001505B8D5DD0
[LOG] SystemI::createSoundInternal             :     exinfo->inclusionlistnum   = 1
[LOG] SystemI::createSoundInternal             :     exinfo->suggestedsoundtype = 5
[LOG] SystemI::createSoundInternal             :     exinfo->initialseekpostype = 1
[LOG] SystemI::createSoundInternal             :     Stream 0/1: name='Silence', format=5, channels=2, frequency=48000, lengthbytes=1536, lengthpcm=512000, pcmblocksize=0, loopstart=0, loopend=0, mode=0x00000000, channelmask=0x00000000, channelorder=0, peakvolume=0.000001.
[LOG] AsyncThread::threadFunc                  : Finished Asynchronous operation on sound 000001515E099E08
[LOG] SoundI::release                          :  (0000015122BAFFD8)
[LOG] SoundI::release                          :     Claw_OpenClose (000001506899B618)
[LOG] SystemI::createSoundInternal             : Create name='', mode=0x02000202
[LOG] SystemI::createSoundInternal             : exinfo->cbsize             = 224
[LOG] SystemI::createSoundInternal             : exinfo->length             = 4820832
[LOG] SystemI::createSoundInternal             : exinfo->fileoffset         = 11941504
[LOG] SystemI::createSoundInternal             : exinfo->numsubsounds       = 1
[LOG] SystemI::createSoundInternal             : exinfo->inclusionlist      = 0000003CB02AF308
[LOG] SystemI::createSoundInternal             : exinfo->inclusionlistnum   = 1
[LOG] SystemI::createSoundInternal             : exinfo->suggestedsoundtype = 5
[LOG] SystemI::createSoundInternal             : exinfo->useropen           = 00007FFBE9E44660
[LOG] SystemI::createSoundInternal             : exinfo->userclose          = 00007FFBE9E44630
[LOG] SystemI::createSoundInternal             : exinfo->userread           = 00007FFBE9E44730
[LOG] SystemI::createSoundInternal             : exinfo->userseek           = 00007FFBE9E447F0
[LOG] SystemI::createSoundInternal             : exinfo->fileuserdata       = 0000015157FB0908
[LOG] SystemI::createSoundInternal             : exinfo->initialseekpostype = 1
[LOG] SystemI::createSoundInternal             : Sample 0/1: name='Arm_Depth', format=2, channels=2, frequency=44100, lengthbytes=441088, lengthpcm=110250, pcmblocksize=0, loopstart=0, loopend=0, mode=0x00000000, channelmask=0x00000000, channelorder=0, peakvolume=0.065186.
[LOG] SystemI::createSoundInternal             : Create name='', mode=0x02000202
[LOG] SystemI::createSoundInternal             : exinfo->cbsize             = 224
[LOG] SystemI::createSoundInternal             : exinfo->length             = 4820832
[LOG] SystemI::createSoundInternal             : exinfo->fileoffset         = 11941504
[LOG] SystemI::createSoundInternal             : exinfo->numsubsounds       = 1
[LOG] SystemI::createSoundInternal             : exinfo->inclusionlist      = 0000003CB02AF308
[LOG] SystemI::createSoundInternal             : exinfo->inclusionlistnum   = 1
[LOG] SystemI::createSoundInternal             : exinfo->suggestedsoundtype = 5
[LOG] SystemI::createSoundInternal             : exinfo->useropen           = 00007FFBE9E44660
[LOG] SystemI::createSoundInternal             : exinfo->userclose          = 00007FFBE9E44630
[LOG] SystemI::createSoundInternal             : exinfo->userread           = 00007FFBE9E44730
[LOG] SystemI::createSoundInternal             : exinfo->userseek           = 00007FFBE9E447F0
[LOG] SystemI::createSoundInternal             : exinfo->fileuserdata       = 0000015157FB06F8
[LOG] SystemI::createSoundInternal             : exinfo->initialseekpostype = 1
[LOG] SystemI::createSoundInternal             : Sample 0/1: name='Gantry_Depth', format=2, channels=2, frequency=44100, lengthbytes=441088, lengthpcm=110250, pcmblocksize=0, loopstart=0, loopend=0, mode=0x00000000, channelmask=0x00000000, channelorder=0, peakvolume=0.204865.
[LOG] SystemI::createSoundInternal             : Create name='', mode=0x02000202
[LOG] SystemI::createSoundInternal             : exinfo->cbsize             = 224
[LOG] SystemI::createSoundInternal             : exinfo->length             = 4820832
[LOG] SystemI::createSoundInternal             : exinfo->fileoffset         = 11941504
[LOG] SystemI::createSoundInternal             : exinfo->numsubsounds       = 1
[LOG] SystemI::createSoundInternal             : exinfo->inclusionlist      = 0000003CB02AF308
[LOG] SystemI::createSoundInternal             : exinfo->inclusionlistnum   = 1
[LOG] SystemI::createSoundInternal             : exinfo->suggestedsoundtype = 5
[LOG] SystemI::createSoundInternal             : exinfo->useropen           = 00007FFBE9E44660
[LOG] SystemI::createSoundInternal             : exinfo->userclose          = 00007FFBE9E44630
[LOG] SystemI::createSoundInternal             : exinfo->userread           = 00007FFBE9E44730
[LOG] SystemI::createSoundInternal             : exinfo->userseek           = 00007FFBE9E447F0
[LOG] SystemI::createSoundInternal             : exinfo->fileuserdata       = 0000015157FB1B98
[LOG] SystemI::createSoundInternal             : exinfo->initialseekpostype = 1
[LOG] SystemI::createSoundInternal             : Sample 0/1: name='Claw_OpenClose', format=2, channels=2, frequency=44100, lengthbytes=441088, lengthpcm=110250, pcmblocksize=0, loopstart=0, loopend=0, mode=0x00000000, channelmask=0x00000000, channelorder=0, peakvolume=0.458344.
[LOG] SoundI::release                          :  (0000015122BAFFD8)
[LOG] SoundI::release                          :     Gantry_Depth (000001506899BAF8)
[LOG] SoundI::release                          :  (0000015122BB2C68)
[LOG] SoundI::release                          :     Arm_Depth (000001506899B618)
[LOG] SystemI::createSound                     : filename = Leggy_FMOD/Build/Desktop/Master.bank : mode 02010082
[LOG] SystemI::createSound                     : FMOD_NONBLOCKING specified.  Putting into queue to be opened asynchronously!
[LOG] SystemI::createSound                     : setdata soundi = 000001515E0998F8 : node = 000001505B8D6800
[LOG] SystemI::createSound                     : add node to async list : head = 000001502C565F28.  list count = 0
[LOG] AsyncThread::threadFunc                  : Starting Asynchronous operation on sound 000001515E0998F8
[LOG] SystemI::createSoundInternal             :     Create name='Leggy_FMOD/Build/Desktop/Master.bank', mode=0x02010082
[LOG] SystemI::createSoundInternal             :     exinfo->cbsize             = 224
[LOG] SystemI::createSoundInternal             :     exinfo->length             = 11863232
[LOG] SystemI::createSoundInternal             :     exinfo->fileoffset         = 78240
[LOG] SystemI::createSoundInternal             :     exinfo->numsubsounds       = 1
[LOG] SystemI::createSoundInternal             :     exinfo->inclusionlist      = 000001505B8D6910
[LOG] SystemI::createSoundInternal             :     exinfo->inclusionlistnum   = 1
[LOG] SystemI::createSoundInternal             :     exinfo->suggestedsoundtype = 5
[LOG] SystemI::createSoundInternal             :     exinfo->initialseekpostype = 1
[LOG] SystemI::createSoundInternal             :     Stream 0/1: name='EPiano_01', format=5, channels=2, frequency=48000, lengthbytes=116768, lengthpcm=512000, pcmblocksize=0, loopstart=0, loopend=0, mode=0x00000000, channelmask=0x00000000, channelorder=0, peakvolume=0.226959.
[LOG] AsyncThread::threadFunc                  : Finished Asynchronous operation on sound 000001515E0998F8
[LOG] SoundI::release                          :  (0000015122BB02B8)
[LOG] SoundI::release                          :     Claw_OpenClose (0000015162144488)
[LOG] SoundI::release                          : Silence (000001515E099E08)
[LOG] SoundI::release                          :     Silence (0000015158BB15D8)
[LOG] SoundI::release                          :     Silence (0000015159FB99E8)
[LOG] SoundI::release                          : SusMarimba_00 (0000015159453288)
[LOG] SoundI::release                          :     SusMarimba_00 (0000015158BB1918)
[LOG] SoundI::release                          :     SusMarimba_00 (0000015159FB9EF8)
[LOG] SoundI::release                          : Happy_PercBed_Calm (00000151594530D8)
[LOG] SoundI::release                          :     Happy_PercBed_Calm (00000150686435A8)
[LOG] SoundI::release                          :     Happy_PercBed_Calm (0000015159FB9B98)
[LOG] SoundI::release                          : AMB_RoomNoise (0000015158394008)
[LOG] SoundI::release                          :     AMB_RoomNoise (0000015068643268)
[LOG] SoundI::release                          :     AMB_RoomNoise (0000015159FB9688)
[LOG] SoundI::release                          : EPiano_01 (000001515E0998F8)
[LOG] SoundI::release                          :     EPiano_01 (0000015158BB0F58)
[LOG] SoundI::release                          :     EPiano_01 (00000151480D9508)
[LOG] Thread::callback                         : FMOD Studio update thread finished.
[LOG] Thread::callback                         : FMOD Studio bank load thread finished.
[LOG] Profile::disconnectAll                   : Profiler disconnecting all clients
[LOG] Thread::callback                         : FMOD Studio sample load thread finished.
[LOG] LiveUpdate::release                      : 
[LOG] LiveUpdate::reset                        : Reset connection (reason Disconnected)
[LOG] Thread::callback                         : FMOD stream thread finished.
[LOG] Thread::callback                         : FMOD mixer thread finished.
[LOG] Profile::disconnectAll                   : Profiler disconnecting all clients
[LOG] SystemI::close                           : Closed.
